<?xml version="1.0" encoding="UTF-8"?>
<testsuite failures="0" skipped="0" tests="17" name="Acceptance" time="46.185" errors="0">
<testcase classname="Acceptance.Robot" name="Open Application" time="8.189">
</testcase>
<testcase classname="Acceptance.Robot" name="Wait and click Accept Cookies" time="0.158">
</testcase>
<testcase classname="Acceptance.Robot" name="Click Login button" time="3.457">
</testcase>
<testcase classname="Acceptance.Robot" name="Input e-mail address" time="2.208">
</testcase>
<testcase classname="Acceptance.Robot" name="Input password" time="2.312">
</testcase>
<testcase classname="Acceptance.Robot" name="Click Submit a new application" time="3.498">
</testcase>
<testcase classname="Acceptance.Robot" name="Check if Continue with the submission of the application is present else click Submit a New Application" time="4.683">
</testcase>
<testcase classname="Acceptance.Robot" name="Fill out the form" time="3.815">
</testcase>
<testcase classname="Acceptance.Robot" name="Select Country" time="0.131">
</testcase>
<testcase classname="Acceptance.Robot" name="Select Photo" time="5.116">
</testcase>
<testcase classname="Acceptance.Robot" name="Select Gender" time="0.083">
</testcase>
<testcase classname="Acceptance.Robot" name="Select Role" time="0.151">
</testcase>
<testcase classname="Acceptance.Robot" name="Tick Checkbox" time="0.367">
</testcase>
<testcase classname="Acceptance.Robot" name="Fill out objectives" time="0.309">
</testcase>
<testcase classname="Acceptance.Robot" name="Click Next" time="0.086">
</testcase>
<testcase classname="Acceptance.Robot" name="Validate and Send" time="8.181">
</testcase>
<testcase classname="Acceptance.Robot" name="Thank you page" time="2.510">
</testcase>
</testsuite>
